<?xml version="1.0" encoding="UTF-8"?>
<!-- Generated by org.testng.reporters.JUnitXMLReporter -->
<testsuite ignored="0" hostname="LTIN619394" failures="1" tests="1" name="Default test" time="1.456" errors="0" timestamp="2025-08-26T10:14:05 IST">
  <testcase classname="io.cucumber.testng.AbstractTestNGCucumberTests" name="runScenario" time="0.322">
    <failure type="java.lang.Error" message="Unresolved compilation problem: 
">
      <![CDATA[java.lang.Error: Unresolved compilation problem: 

at base.DriverFactory.initializeDriver(DriverFactory.java:43)
at hooks.Hooks.setUp(Hooks.java:14)
]]>
    </failure>
  </testcase> <!-- runScenario -->
</testsuite> <!-- Default test -->
