<?xml version="1.0" encoding="UTF-8"?>
<testng-results ignored="0" total="2" passed="2" failed="0" skipped="0">
  <reporter-output>
  </reporter-output>
  <suite started-at="2025-08-29T10:41:56 IST" name="Parallel Suite" finished-at="2025-08-29T10:42:20 IST" duration-ms="24281">
    <groups>
      <group name="cucumber">
        <method signature="AbstractTestNGCucumberTests.runScenario(io.cucumber.testng.PickleWrapper,io.cucumber.testng.FeatureWrapper)[pri:0, instance:runners.TestRunner@3bd82cf5]" name="runScenario" class="io.cucumber.testng.AbstractTestNGCucumberTests"/>
        <method signature="AbstractTestNGCucumberTests.runScenario(io.cucumber.testng.PickleWrapper,io.cucumber.testng.FeatureWrapper)[pri:0, instance:runners.TestRunner@7ee8290b]" name="runScenario" class="io.cucumber.testng.AbstractTestNGCucumberTests"/>
      </group> <!-- cucumber -->
    </groups>
    <test started-at="2025-08-29T10:41:56 IST" name="Edge Test" finished-at="2025-08-29T10:42:20 IST" duration-ms="24281">
      <class name="runners.TestRunner">
        <test-method is-config="true" signature="setUpClass(org.testng.ITestContext)[pri:0, instance:runners.TestRunner@7ee8290b]" started-at="2025-08-29T10:41:56 IST" name="setUpClass" finished-at="2025-08-29T10:41:57 IST" duration-ms="528" status="PASS">
          <params>
            <param index="0">
              <value>
                <![CDATA[org.testng.TestRunner@10959ece]]>
              </value>
            </param>
          </params>
          <reporter-output>
          </reporter-output>
        </test-method> <!-- setUpClass -->
        <test-method is-config="true" signature="setBrowser(java.lang.String)[pri:0, instance:runners.TestRunner@7ee8290b]" started-at="2025-08-29T10:41:57 IST" name="setBrowser" finished-at="2025-08-29T10:41:57 IST" duration-ms="3" status="PASS">
          <params>
            <param index="0">
              <value>
                <![CDATA[edge]]>
              </value>
            </param>
          </params>
          <reporter-output>
          </reporter-output>
        </test-method> <!-- setBrowser -->
        <test-method signature="runScenario(io.cucumber.testng.PickleWrapper,io.cucumber.testng.FeatureWrapper)[pri:0, instance:runners.TestRunner@7ee8290b]" started-at="2025-08-29T10:41:57 IST" name="runScenario" description="Runs Cucumber Scenarios" data-provider="scenarios" finished-at="2025-08-29T10:42:20 IST" duration-ms="23692" status="PASS">
          <params>
            <param index="0">
              <value>
                <![CDATA["extracting the language and levels from web development courses"]]>
              </value>
            </param>
            <param index="1">
              <value>
                <![CDATA["language and level extraction"]]>
              </value>
            </param>
          </params>
          <reporter-output>
          </reporter-output>
        </test-method> <!-- runScenario -->
        <test-method is-config="true" signature="tearDownClass()[pri:0, instance:runners.TestRunner@7ee8290b]" started-at="2025-08-29T10:42:20 IST" name="tearDownClass" finished-at="2025-08-29T10:42:20 IST" duration-ms="22" status="PASS">
          <reporter-output>
          </reporter-output>
        </test-method> <!-- tearDownClass -->
      </class> <!-- runners.TestRunner -->
    </test> <!-- Edge Test -->
    <test started-at="2025-08-29T10:41:56 IST" name="Chrome Test" finished-at="2025-08-29T10:42:20 IST" duration-ms="24271">
      <class name="runners.TestRunner">
        <test-method is-config="true" signature="setUpClass(org.testng.ITestContext)[pri:0, instance:runners.TestRunner@3bd82cf5]" started-at="2025-08-29T10:41:56 IST" name="setUpClass" finished-at="2025-08-29T10:41:57 IST" duration-ms="529" status="PASS">
          <params>
            <param index="0">
              <value>
                <![CDATA[org.testng.TestRunner@68c72235]]>
              </value>
            </param>
          </params>
          <reporter-output>
          </reporter-output>
        </test-method> <!-- setUpClass -->
        <test-method is-config="true" signature="setBrowser(java.lang.String)[pri:0, instance:runners.TestRunner@3bd82cf5]" started-at="2025-08-29T10:41:57 IST" name="setBrowser" finished-at="2025-08-29T10:41:57 IST" duration-ms="3" status="PASS">
          <params>
            <param index="0">
              <value>
                <![CDATA[chrome]]>
              </value>
            </param>
          </params>
          <reporter-output>
          </reporter-output>
        </test-method> <!-- setBrowser -->
        <test-method signature="runScenario(io.cucumber.testng.PickleWrapper,io.cucumber.testng.FeatureWrapper)[pri:0, instance:runners.TestRunner@3bd82cf5]" started-at="2025-08-29T10:41:57 IST" name="runScenario" description="Runs Cucumber Scenarios" data-provider="scenarios" finished-at="2025-08-29T10:42:20 IST" duration-ms="23644" status="PASS">
          <params>
            <param index="0">
              <value>
                <![CDATA["extracting the language and levels from web development courses"]]>
              </value>
            </param>
            <param index="1">
              <value>
                <![CDATA["language and level extraction"]]>
              </value>
            </param>
          </params>
          <reporter-output>
          </reporter-output>
        </test-method> <!-- runScenario -->
        <test-method is-config="true" signature="tearDownClass()[pri:0, instance:runners.TestRunner@3bd82cf5]" started-at="2025-08-29T10:42:20 IST" name="tearDownClass" finished-at="2025-08-29T10:42:20 IST" duration-ms="53" status="PASS">
          <reporter-output>
          </reporter-output>
        </test-method> <!-- tearDownClass -->
      </class> <!-- runners.TestRunner -->
    </test> <!-- Chrome Test -->
  </suite> <!-- Parallel Suite -->
</testng-results>
