<?xml version="1.0" encoding="UTF-8"?>
<testng-results ignored="0" total="2" passed="2" failed="0" skipped="0">
  <reporter-output>
  </reporter-output>
  <suite started-at="2025-08-25T11:59:58 IST" name="Parallel Suite" finished-at="2025-08-25T12:00:51 IST" duration-ms="53019">
    <groups>
      <group name="cucumber">
        <method signature="AbstractTestNGCucumberTests.runScenario(io.cucumber.testng.PickleWrapper,io.cucumber.testng.FeatureWrapper)[pri:0, instance:runners.TestRunner@79079097]" name="runScenario" class="io.cucumber.testng.AbstractTestNGCucumberTests"/>
        <method signature="AbstractTestNGCucumberTests.runScenario(io.cucumber.testng.PickleWrapper,io.cucumber.testng.FeatureWrapper)[pri:0, instance:runners.TestRunner@71e9ddb4]" name="runScenario" class="io.cucumber.testng.AbstractTestNGCucumberTests"/>
      </group> <!-- cucumber -->
    </groups>
    <test started-at="2025-08-25T11:59:58 IST" name="Chrome Test" finished-at="2025-08-25T12:00:51 IST" duration-ms="52810">
      <class name="runners.TestRunner">
        <test-method is-config="true" signature="setUpClass(org.testng.ITestContext)[pri:0, instance:runners.TestRunner@79079097]" started-at="2025-08-25T11:59:58 IST" name="setUpClass" finished-at="2025-08-25T12:00:00 IST" duration-ms="1249" status="PASS">
          <params>
            <param index="0">
              <value>
                <![CDATA[org.testng.TestRunner@3972a855]]>
              </value>
            </param>
          </params>
          <reporter-output>
          </reporter-output>
        </test-method> <!-- setUpClass -->
        <test-method signature="runScenario(io.cucumber.testng.PickleWrapper,io.cucumber.testng.FeatureWrapper)[pri:0, instance:runners.TestRunner@79079097]" started-at="2025-08-25T12:00:00 IST" name="runScenario" description="Runs Cucumber Scenarios" data-provider="scenarios" finished-at="2025-08-25T12:00:51 IST" duration-ms="51422" status="PASS">
          <params>
            <param index="0">
              <value>
                <![CDATA["Verify Coursera homepage title"]]>
              </value>
            </param>
            <param index="1">
              <value>
                <![CDATA["Coursera Homepage Title Check"]]>
              </value>
            </param>
          </params>
          <reporter-output>
          </reporter-output>
        </test-method> <!-- runScenario -->
        <test-method is-config="true" signature="tearDownClass()[pri:0, instance:runners.TestRunner@79079097]" started-at="2025-08-25T12:00:51 IST" name="tearDownClass" finished-at="2025-08-25T12:00:51 IST" duration-ms="70" status="PASS">
          <reporter-output>
          </reporter-output>
        </test-method> <!-- tearDownClass -->
      </class> <!-- runners.TestRunner -->
    </test> <!-- Chrome Test -->
    <test started-at="2025-08-25T11:59:58 IST" name="Edge Test" finished-at="2025-08-25T12:00:51 IST" duration-ms="53019">
      <class name="runners.TestRunner">
        <test-method is-config="true" signature="setUpClass(org.testng.ITestContext)[pri:0, instance:runners.TestRunner@71e9ddb4]" started-at="2025-08-25T11:59:58 IST" name="setUpClass" finished-at="2025-08-25T12:00:00 IST" duration-ms="1249" status="PASS">
          <params>
            <param index="0">
              <value>
                <![CDATA[org.testng.TestRunner@62e7f11d]]>
              </value>
            </param>
          </params>
          <reporter-output>
          </reporter-output>
        </test-method> <!-- setUpClass -->
        <test-method signature="runScenario(io.cucumber.testng.PickleWrapper,io.cucumber.testng.FeatureWrapper)[pri:0, instance:runners.TestRunner@71e9ddb4]" started-at="2025-08-25T12:00:00 IST" name="runScenario" description="Runs Cucumber Scenarios" data-provider="scenarios" finished-at="2025-08-25T12:00:51 IST" duration-ms="51663" status="PASS">
          <params>
            <param index="0">
              <value>
                <![CDATA["Verify Coursera homepage title"]]>
              </value>
            </param>
            <param index="1">
              <value>
                <![CDATA["Coursera Homepage Title Check"]]>
              </value>
            </param>
          </params>
          <reporter-output>
          </reporter-output>
        </test-method> <!-- runScenario -->
        <test-method is-config="true" signature="tearDownClass()[pri:0, instance:runners.TestRunner@71e9ddb4]" started-at="2025-08-25T12:00:51 IST" name="tearDownClass" finished-at="2025-08-25T12:00:51 IST" duration-ms="46" status="PASS">
          <reporter-output>
          </reporter-output>
        </test-method> <!-- tearDownClass -->
      </class> <!-- runners.TestRunner -->
    </test> <!-- Edge Test -->
  </suite> <!-- Parallel Suite -->
</testng-results>
