<?xml version="1.0" encoding="UTF-8"?>
<testng-results ignored="0" total="2" passed="2" failed="0" skipped="0">
  <reporter-output>
  </reporter-output>
  <suite started-at="2025-08-26T13:42:05 IST" name="Parallel Suite" finished-at="2025-08-26T13:42:24 IST" duration-ms="19016">
    <groups>
      <group name="cucumber">
        <method signature="AbstractTestNGCucumberTests.runScenario(io.cucumber.testng.PickleWrapper,io.cucumber.testng.FeatureWrapper)[pri:0, instance:runners.TestRunner@7a8c8dcf]" name="runScenario" class="io.cucumber.testng.AbstractTestNGCucumberTests"/>
        <method signature="AbstractTestNGCucumberTests.runScenario(io.cucumber.testng.PickleWrapper,io.cucumber.testng.FeatureWrapper)[pri:0, instance:runners.TestRunner@5fbe4146]" name="runScenario" class="io.cucumber.testng.AbstractTestNGCucumberTests"/>
      </group> <!-- cucumber -->
    </groups>
    <test started-at="2025-08-26T13:42:05 IST" name="Edge Test" finished-at="2025-08-26T13:42:24 IST" duration-ms="18359">
      <class name="runners.TestRunner">
        <test-method is-config="true" signature="setUpClass(org.testng.ITestContext)[pri:0, instance:runners.TestRunner@5fbe4146]" started-at="2025-08-26T13:42:05 IST" name="setUpClass" finished-at="2025-08-26T13:42:06 IST" duration-ms="837" status="PASS">
          <params>
            <param index="0">
              <value>
                <![CDATA[org.testng.TestRunner@62e7f11d]]>
              </value>
            </param>
          </params>
          <reporter-output>
          </reporter-output>
        </test-method> <!-- setUpClass -->
        <test-method is-config="true" signature="setBrowser(java.lang.String)[pri:0, instance:runners.TestRunner@5fbe4146]" started-at="2025-08-26T13:42:06 IST" name="setBrowser" finished-at="2025-08-26T13:42:10 IST" duration-ms="3884" status="PASS">
          <params>
            <param index="0">
              <value>
                <![CDATA[edge]]>
              </value>
            </param>
          </params>
          <reporter-output>
          </reporter-output>
        </test-method> <!-- setBrowser -->
        <test-method signature="runScenario(io.cucumber.testng.PickleWrapper,io.cucumber.testng.FeatureWrapper)[pri:0, instance:runners.TestRunner@5fbe4146]" started-at="2025-08-26T13:42:10 IST" name="runScenario" description="Runs Cucumber Scenarios" data-provider="scenarios" finished-at="2025-08-26T13:42:23 IST" duration-ms="13551" status="PASS">
          <params>
            <param index="0">
              <value>
                <![CDATA["Verify Coursera homepage title"]]>
              </value>
            </param>
            <param index="1">
              <value>
                <![CDATA["Coursera Homepage Title Check"]]>
              </value>
            </param>
          </params>
          <reporter-output>
          </reporter-output>
        </test-method> <!-- runScenario -->
        <test-method is-config="true" signature="tearDownClass()[pri:0, instance:runners.TestRunner@5fbe4146]" started-at="2025-08-26T13:42:23 IST" name="tearDownClass" finished-at="2025-08-26T13:42:24 IST" duration-ms="36" status="PASS">
          <reporter-output>
          </reporter-output>
        </test-method> <!-- tearDownClass -->
      </class> <!-- runners.TestRunner -->
    </test> <!-- Edge Test -->
    <test started-at="2025-08-26T13:42:05 IST" name="Chrome Test" finished-at="2025-08-26T13:42:24 IST" duration-ms="19016">
      <class name="runners.TestRunner">
        <test-method is-config="true" signature="setUpClass(org.testng.ITestContext)[pri:0, instance:runners.TestRunner@7a8c8dcf]" started-at="2025-08-26T13:42:05 IST" name="setUpClass" finished-at="2025-08-26T13:42:06 IST" duration-ms="837" status="PASS">
          <params>
            <param index="0">
              <value>
                <![CDATA[org.testng.TestRunner@3972a855]]>
              </value>
            </param>
          </params>
          <reporter-output>
          </reporter-output>
        </test-method> <!-- setUpClass -->
        <test-method is-config="true" signature="setBrowser(java.lang.String)[pri:0, instance:runners.TestRunner@7a8c8dcf]" started-at="2025-08-26T13:42:06 IST" name="setBrowser" finished-at="2025-08-26T13:42:15 IST" duration-ms="8579" status="PASS">
          <params>
            <param index="0">
              <value>
                <![CDATA[chrome]]>
              </value>
            </param>
          </params>
          <reporter-output>
          </reporter-output>
        </test-method> <!-- setBrowser -->
        <test-method signature="runScenario(io.cucumber.testng.PickleWrapper,io.cucumber.testng.FeatureWrapper)[pri:0, instance:runners.TestRunner@7a8c8dcf]" started-at="2025-08-26T13:42:15 IST" name="runScenario" description="Runs Cucumber Scenarios" data-provider="scenarios" finished-at="2025-08-26T13:42:24 IST" duration-ms="9551" status="PASS">
          <params>
            <param index="0">
              <value>
                <![CDATA["Verify Coursera homepage title"]]>
              </value>
            </param>
            <param index="1">
              <value>
                <![CDATA["Coursera Homepage Title Check"]]>
              </value>
            </param>
          </params>
          <reporter-output>
          </reporter-output>
        </test-method> <!-- runScenario -->
        <test-method is-config="true" signature="tearDownClass()[pri:0, instance:runners.TestRunner@7a8c8dcf]" started-at="2025-08-26T13:42:24 IST" name="tearDownClass" finished-at="2025-08-26T13:42:24 IST" duration-ms="24" status="PASS">
          <reporter-output>
          </reporter-output>
        </test-method> <!-- tearDownClass -->
      </class> <!-- runners.TestRunner -->
    </test> <!-- Chrome Test -->
  </suite> <!-- Parallel Suite -->
</testng-results>
